Block
-Symbols Table
--variable: min | type: int
--variable: max | type: int
--variable: A | type: array[0..2]
-If
--Guard
---Guard
----Guard
-----Guard
------Guard
-------Then
--------And | type: bool
---------Less | type: bool
----------ReadArray | type: int
-----------Ident: A | type: array[0..2]
-----------Literal: 0 | type: int
----------ReadArray | type: int
-----------Ident: A | type: array[0..2]
-----------Literal: 1 | type: int
---------Less | type: bool
----------ReadArray | type: int
-----------Ident: A | type: array[0..2]
-----------Literal: 1 | type: int
----------ReadArray | type: int
-----------Ident: A | type: array[0..2]
-----------Literal: 2 | type: int
--------Sequencing
---------Asig
----------Ident: min | type: int
----------ReadArray | type: int
-----------Ident: A | type: array[0..2]
-----------Literal: 0 | type: int
---------Asig
----------Ident: max | type: int
----------ReadArray | type: int
-----------Ident: A | type: array[0..2]
-----------Literal: 2 | type: int
-------Then
--------And | type: bool
---------Less | type: bool
----------ReadArray | type: int
-----------Ident: A | type: array[0..2]
-----------Literal: 0 | type: int
----------ReadArray | type: int
-----------Ident: A | type: array[0..2]
-----------Literal: 2 | type: int
---------Less | type: bool
----------ReadArray | type: int
-----------Ident: A | type: array[0..2]
-----------Literal: 2 | type: int
----------ReadArray | type: int
-----------Ident: A | type: array[0..2]
-----------Literal: 1 | type: int
--------Sequencing
---------Asig
----------Ident: min | type: int
----------ReadArray | type: int
-----------Ident: A | type: array[0..2]
-----------Literal: 0 | type: int
---------Asig
----------Ident: max | type: int
----------ReadArray | type: int
-----------Ident: A | type: array[0..2]
-----------Literal: 1 | type: int
------Then
-------And | type: bool
--------Less | type: bool
---------ReadArray | type: int
----------Ident: A | type: array[0..2]
----------Literal: 1 | type: int
---------ReadArray | type: int
----------Ident: A | type: array[0..2]
----------Literal: 0 | type: int
--------Less | type: bool
---------ReadArray | type: int
----------Ident: A | type: array[0..2]
----------Literal: 0 | type: int
---------ReadArray | type: int
----------Ident: A | type: array[0..2]
----------Literal: 2 | type: int
-------Sequencing
--------Asig
---------Ident: min | type: int
---------ReadArray | type: int
----------Ident: A | type: array[0..2]
----------Literal: 1 | type: int
--------Asig
---------Ident: max | type: int
---------ReadArray | type: int
----------Ident: A | type: array[0..2]
----------Literal: 2 | type: int
-----Then
------And | type: bool
-------Less | type: bool
--------ReadArray | type: int
---------Ident: A | type: array[0..2]
---------Literal: 1 | type: int
--------ReadArray | type: int
---------Ident: A | type: array[0..2]
---------Literal: 2 | type: int
-------Less | type: bool
--------ReadArray | type: int
---------Ident: A | type: array[0..2]
---------Literal: 2 | type: int
--------ReadArray | type: int
---------Ident: A | type: array[0..2]
---------Literal: 0 | type: int
------Sequencing
-------Asig
--------Ident: min | type: int
--------ReadArray | type: int
---------Ident: A | type: array[0..2]
---------Literal: 1 | type: int
-------Asig
--------Ident: max | type: int
--------ReadArray | type: int
---------Ident: A | type: array[0..2]
---------Literal: 0 | type: int
----Then
-----And | type: bool
------Less | type: bool
-------ReadArray | type: int
--------Ident: A | type: array[0..2]
--------Literal: 2 | type: int
-------ReadArray | type: int
--------Ident: A | type: array[0..2]
--------Literal: 0 | type: int
------Less | type: bool
-------ReadArray | type: int
--------Ident: A | type: array[0..2]
--------Literal: 0 | type: int
-------ReadArray | type: int
--------Ident: A | type: array[0..2]
--------Literal: 1 | type: int
-----Sequencing
------Asig
-------Ident: min | type: int
-------ReadArray | type: int
--------Ident: A | type: array[0..2]
--------Literal: 2 | type: int
------Asig
-------Ident: max | type: int
-------ReadArray | type: int
--------Ident: A | type: array[0..2]
--------Literal: 1 | type: int
---Then
----And | type: bool
-----Less | type: bool
------ReadArray | type: int
-------Ident: A | type: array[0..2]
-------Literal: 2 | type: int
------ReadArray | type: int
-------Ident: A | type: array[0..2]
-------Literal: 1 | type: int
-----Less | type: bool
------ReadArray | type: int
-------Ident: A | type: array[0..2]
-------Literal: 1 | type: int
------ReadArray | type: int
-------Ident: A | type: array[0..2]
-------Literal: 0 | type: int
----Sequencing
-----Asig
------Ident: min | type: int
------ReadArray | type: int
-------Ident: A | type: array[0..2]
-------Literal: 2 | type: int
-----Asig
------Ident: max | type: int
------ReadArray | type: int
-------Ident: A | type: array[0..2]
-------Literal: 0 | type: int
