Block
-Declare
--Sequencing
---min, max : int
---A : array[Literal: 0..Literal: 2]
-If
--Guard
---Guard
----Guard
-----Guard
------Guard
-------Then
--------And
---------Less
----------ReadArray
-----------Ident: A
-----------Literal: 0
----------ReadArray
-----------Ident: A
-----------Literal: 1
---------Less
----------ReadArray
-----------Ident: A
-----------Literal: 1
----------ReadArray
-----------Ident: A
-----------Literal: 2
--------Sequencing
---------Asig
----------Ident: min
----------ReadArray
-----------Ident: A
-----------Literal: 0
---------Asig
----------Ident: max
----------ReadArray
-----------Ident: A
-----------Literal: 2
-------Then
--------And
---------Less
----------ReadArray
-----------Ident: A
-----------Literal: 0
----------ReadArray
-----------Ident: A
-----------Literal: 2
---------Less
----------ReadArray
-----------Ident: A
-----------Literal: 2
----------ReadArray
-----------Ident: A
-----------Literal: 1
--------Sequencing
---------Asig
----------Ident: min
----------ReadArray
-----------Ident: A
-----------Literal: 0
---------Asig
----------Ident: max
----------ReadArray
-----------Ident: A
-----------Literal: 1
------Then
-------And
--------Less
---------ReadArray
----------Ident: A
----------Literal: 1
---------ReadArray
----------Ident: A
----------Literal: 0
--------Less
---------ReadArray
----------Ident: A
----------Literal: 0
---------ReadArray
----------Ident: A
----------Literal: 2
-------Sequencing
--------Asig
---------Ident: min
---------ReadArray
----------Ident: A
----------Literal: 1
--------Asig
---------Ident: max
---------ReadArray
----------Ident: A
----------Literal: 2
-----Then
------And
-------Less
--------ReadArray
---------Ident: A
---------Literal: 1
--------ReadArray
---------Ident: A
---------Literal: 2
-------Less
--------ReadArray
---------Ident: A
---------Literal: 2
--------ReadArray
---------Ident: A
---------Literal: 0
------Sequencing
-------Asig
--------Ident: min
--------ReadArray
---------Ident: A
---------Literal: 1
-------Asig
--------Ident: max
--------ReadArray
---------Ident: A
---------Literal: 0
----Then
-----And
------Less
-------ReadArray
--------Ident: A
--------Literal: 2
-------ReadArray
--------Ident: A
--------Literal: 0
------Less
-------ReadArray
--------Ident: A
--------Literal: 0
-------ReadArray
--------Ident: A
--------Literal: 1
-----Sequencing
------Asig
-------Ident: min
-------ReadArray
--------Ident: A
--------Literal: 2
------Asig
-------Ident: max
-------ReadArray
--------Ident: A
--------Literal: 1
---Then
----And
-----Less
------ReadArray
-------Ident: A
-------Literal: 2
------ReadArray
-------Ident: A
-------Literal: 1
-----Less
------ReadArray
-------Ident: A
-------Literal: 1
------ReadArray
-------Ident: A
-------Literal: 0
----Sequencing
-----Asig
------Ident: min
------ReadArray
-------Ident: A
-------Literal: 2
-----Asig
------Ident: max
------ReadArray
-------Ident: A
-------Literal: 0
