Block
-Declare
--Sequencing
---Sequencing
----i, max : int
----itIs : bool
---A : array[Literal: 0..Literal: 5]
-Sequencing
--Sequencing
---Asig
----Ident: itIs
----Literal: false
---Asig
----Ident: i
----Literal: 0
--Do
---Then
----And
-----Leq
------Ident: i
------Literal: 5
-----Not
------Ident: itIs
----Sequencing
-----Asig
------Ident: itIs
------Equal
-------ReadArray
--------Ident: A
--------Ident: i
-------Literal: 10
-----Asig
------Ident: i
------Plus
-------Ident: i
-------Literal: 1
